E:\EDAC PROJECTS\SCANCONTROL SDK\PCL\PCL_EDAC\DEBUG\PCL_EDAC.EXE
E:\EDAC PROJECTS\SCANCONTROL SDK\PCL\PCL_EDAC\DEBUG\PCL_EDAC.ILK
E:\EDAC PROJECTS\SCANCONTROL SDK\PCL\PCL_EDAC\DEBUG\PCL_EDAC.PDB
E:\EDAC projects\Scancontrol SDK\PCL\PCL_edac\PCL_edac\Debug\cl.command.1.tlog
E:\EDAC projects\Scancontrol SDK\PCL\PCL_edac\PCL_edac\Debug\CL.read.1.tlog
E:\EDAC projects\Scancontrol SDK\PCL\PCL_edac\PCL_edac\Debug\CL.write.1.tlog
E:\EDAC PROJECTS\SCANCONTROL SDK\PCL\PCL_EDAC\PCL_EDAC\DEBUG\CLOUD_VIEWER.OBJ
E:\EDAC PROJECTS\SCANCONTROL SDK\PCL\PCL_EDAC\PCL_EDAC\DEBUG\LEASTSQUARE_FIT_PLANE.OBJ
E:\EDAC PROJECTS\SCANCONTROL SDK\PCL\PCL_EDAC\PCL_EDAC\DEBUG\LEASTSQUARE_NORMAL_VECTOR.OBJ
E:\EDAC projects\Scancontrol SDK\PCL\PCL_edac\PCL_edac\Debug\link.10516.read.1.tlog
E:\EDAC projects\Scancontrol SDK\PCL\PCL_edac\PCL_edac\Debug\link.10516.write.1.tlog
E:\EDAC projects\Scancontrol SDK\PCL\PCL_edac\PCL_edac\Debug\link.10516-cvtres.read.1.tlog
E:\EDAC projects\Scancontrol SDK\PCL\PCL_edac\PCL_edac\Debug\link.10516-cvtres.write.1.tlog
E:\EDAC projects\Scancontrol SDK\PCL\PCL_edac\PCL_edac\Debug\link.10816.read.1.tlog
E:\EDAC projects\Scancontrol SDK\PCL\PCL_edac\PCL_edac\Debug\link.10816.write.1.tlog
E:\EDAC projects\Scancontrol SDK\PCL\PCL_edac\PCL_edac\Debug\link.10816-cvtres.read.1.tlog
E:\EDAC projects\Scancontrol SDK\PCL\PCL_edac\PCL_edac\Debug\link.10816-cvtres.write.1.tlog
E:\EDAC projects\Scancontrol SDK\PCL\PCL_edac\PCL_edac\Debug\link.11764.read.1.tlog
E:\EDAC projects\Scancontrol SDK\PCL\PCL_edac\PCL_edac\Debug\link.11764.read.2.tlog
E:\EDAC projects\Scancontrol SDK\PCL\PCL_edac\PCL_edac\Debug\link.11764.write.1.tlog
E:\EDAC projects\Scancontrol SDK\PCL\PCL_edac\PCL_edac\Debug\link.11764-cvtres.read.1.tlog
E:\EDAC projects\Scancontrol SDK\PCL\PCL_edac\PCL_edac\Debug\link.11764-cvtres.write.1.tlog
E:\EDAC projects\Scancontrol SDK\PCL\PCL_edac\PCL_edac\Debug\link.19192.read.1.tlog
E:\EDAC projects\Scancontrol SDK\PCL\PCL_edac\PCL_edac\Debug\link.19192.read.2.tlog
E:\EDAC projects\Scancontrol SDK\PCL\PCL_edac\PCL_edac\Debug\link.19192.write.1.tlog
E:\EDAC projects\Scancontrol SDK\PCL\PCL_edac\PCL_edac\Debug\link.19192-cvtres.read.1.tlog
E:\EDAC projects\Scancontrol SDK\PCL\PCL_edac\PCL_edac\Debug\link.19192-cvtres.write.1.tlog
E:\EDAC projects\Scancontrol SDK\PCL\PCL_edac\PCL_edac\Debug\link.20364.read.1.tlog
E:\EDAC projects\Scancontrol SDK\PCL\PCL_edac\PCL_edac\Debug\link.20364.write.1.tlog
E:\EDAC projects\Scancontrol SDK\PCL\PCL_edac\PCL_edac\Debug\link.20364-cvtres.read.1.tlog
E:\EDAC projects\Scancontrol SDK\PCL\PCL_edac\PCL_edac\Debug\link.20364-cvtres.write.1.tlog
E:\EDAC projects\Scancontrol SDK\PCL\PCL_edac\PCL_edac\Debug\link.4916.read.1.tlog
E:\EDAC projects\Scancontrol SDK\PCL\PCL_edac\PCL_edac\Debug\link.4916.write.1.tlog
E:\EDAC projects\Scancontrol SDK\PCL\PCL_edac\PCL_edac\Debug\link.4916-cvtres.read.1.tlog
E:\EDAC projects\Scancontrol SDK\PCL\PCL_edac\PCL_edac\Debug\link.4916-cvtres.write.1.tlog
E:\EDAC projects\Scancontrol SDK\PCL\PCL_edac\PCL_edac\Debug\link.5244.read.1.tlog
E:\EDAC projects\Scancontrol SDK\PCL\PCL_edac\PCL_edac\Debug\link.5244.write.1.tlog
E:\EDAC projects\Scancontrol SDK\PCL\PCL_edac\PCL_edac\Debug\link.5244-cvtres.read.1.tlog
E:\EDAC projects\Scancontrol SDK\PCL\PCL_edac\PCL_edac\Debug\link.5244-cvtres.write.1.tlog
E:\EDAC projects\Scancontrol SDK\PCL\PCL_edac\PCL_edac\Debug\link.5396.read.1.tlog
E:\EDAC projects\Scancontrol SDK\PCL\PCL_edac\PCL_edac\Debug\link.5396.write.1.tlog
E:\EDAC projects\Scancontrol SDK\PCL\PCL_edac\PCL_edac\Debug\link.5396-cvtres.read.1.tlog
E:\EDAC projects\Scancontrol SDK\PCL\PCL_edac\PCL_edac\Debug\link.5396-cvtres.write.1.tlog
E:\EDAC projects\Scancontrol SDK\PCL\PCL_edac\PCL_edac\Debug\link.6044.read.1.tlog
E:\EDAC projects\Scancontrol SDK\PCL\PCL_edac\PCL_edac\Debug\link.6044.write.1.tlog
E:\EDAC projects\Scancontrol SDK\PCL\PCL_edac\PCL_edac\Debug\link.6044-cvtres.read.1.tlog
E:\EDAC projects\Scancontrol SDK\PCL\PCL_edac\PCL_edac\Debug\link.6044-cvtres.write.1.tlog
E:\EDAC projects\Scancontrol SDK\PCL\PCL_edac\PCL_edac\Debug\link.8276.read.1.tlog
E:\EDAC projects\Scancontrol SDK\PCL\PCL_edac\PCL_edac\Debug\link.8276.write.1.tlog
E:\EDAC projects\Scancontrol SDK\PCL\PCL_edac\PCL_edac\Debug\link.8276-cvtres.read.1.tlog
E:\EDAC projects\Scancontrol SDK\PCL\PCL_edac\PCL_edac\Debug\link.8276-cvtres.write.1.tlog
E:\EDAC projects\Scancontrol SDK\PCL\PCL_edac\PCL_edac\Debug\link.command.1.tlog
E:\EDAC projects\Scancontrol SDK\PCL\PCL_edac\PCL_edac\Debug\link.read.1.tlog
E:\EDAC projects\Scancontrol SDK\PCL\PCL_edac\PCL_edac\Debug\link.read.2.tlog
E:\EDAC projects\Scancontrol SDK\PCL\PCL_edac\PCL_edac\Debug\link.write.1.tlog
E:\EDAC projects\Scancontrol SDK\PCL\PCL_edac\PCL_edac\Debug\link-cvtres.read.1.tlog
E:\EDAC projects\Scancontrol SDK\PCL\PCL_edac\PCL_edac\Debug\link-cvtres.write.1.tlog
E:\EDAC projects\Scancontrol SDK\PCL\PCL_edac\PCL_edac\Debug\mt.command.1.tlog
E:\EDAC projects\Scancontrol SDK\PCL\PCL_edac\PCL_edac\Debug\mt.read.1.tlog
E:\EDAC projects\Scancontrol SDK\PCL\PCL_edac\PCL_edac\Debug\mt.write.1.tlog
E:\EDAC projects\Scancontrol SDK\PCL\PCL_edac\PCL_edac\Debug\PCL_edac.exe.embed.manifest
E:\EDAC PROJECTS\SCANCONTROL SDK\PCL\PCL_EDAC\PCL_EDAC\DEBUG\PCL_EDAC.EXE.EMBED.MANIFEST.RES
E:\EDAC PROJECTS\SCANCONTROL SDK\PCL\PCL_EDAC\PCL_EDAC\DEBUG\PCL_EDAC.EXE.INTERMEDIATE.MANIFEST
E:\EDAC projects\Scancontrol SDK\PCL\PCL_edac\PCL_edac\Debug\PCL_edac.vcxprojResolveAssemblyReference.cache
E:\EDAC projects\Scancontrol SDK\PCL\PCL_edac\PCL_edac\Debug\PCL_edac.write.1.tlog
E:\EDAC projects\Scancontrol SDK\PCL\PCL_edac\PCL_edac\Debug\PCL_edac_manifest.rc
E:\EDAC projects\Scancontrol SDK\PCL\PCL_edac\PCL_edac\Debug\rc.command.1.tlog
E:\EDAC projects\Scancontrol SDK\PCL\PCL_edac\PCL_edac\Debug\rc.read.1.tlog
E:\EDAC projects\Scancontrol SDK\PCL\PCL_edac\PCL_edac\Debug\rc.write.1.tlog
E:\EDAC projects\Scancontrol SDK\PCL\PCL_edac\PCL_edac\Debug\vc100.idb
E:\EDAC PROJECTS\SCANCONTROL SDK\PCL\PCL_EDAC\PCL_EDAC\DEBUG\VC100.PDB
E:\益德项目\SCANCONTROL SDK\PCL\PCL_EDAC\DEBUG\PCL_EDAC.EXE
E:\益德项目\SCANCONTROL SDK\PCL\PCL_EDAC\DEBUG\PCL_EDAC.ILK
E:\益德项目\SCANCONTROL SDK\PCL\PCL_EDAC\DEBUG\PCL_EDAC.PDB
E:\益德项目\SCANCONTROL SDK\PCL\PCL_EDAC\PCL_EDAC\DEBUG\CLOUD_VIEWER.OBJ
E:\益德项目\SCANCONTROL SDK\PCL\PCL_EDAC\PCL_EDAC\DEBUG\PCL_EDAC.EXE.EMBED.MANIFEST
E:\益德项目\SCANCONTROL SDK\PCL\PCL_EDAC\PCL_EDAC\DEBUG\PCL_EDAC.EXE.EMBED.MANIFEST.RES
E:\益德项目\SCANCONTROL SDK\PCL\PCL_EDAC\PCL_EDAC\DEBUG\PCL_EDAC.EXE.INTERMEDIATE.MANIFEST
E:\益德项目\SCANCONTROL SDK\PCL\PCL_EDAC\PCL_EDAC\DEBUG\VC100.PDB
