D:\qt\first\.\release\first.exe
D:\qt\first\.\release\first.exe.intermediate.manifest
D:\QT\FIRST\GENERATEDFILES\QRC_ICONS.CPP
D:\QT\FIRST\GENERATEDFILES\RELEASE\UI_DATA_ANALYZE.H
D:\QT\FIRST\GENERATEDFILES\RELEASE\UI_MAINWINDOW.H
D:\QT\FIRST\GENERATEDFILES\RELEASE\UI_POINTANALYZE.H
D:\QT\FIRST\GENERATEDFILES\RELEASE\UI_SETTINGDIALOG.H
D:\qt\first\Release\cl.command.1.tlog
D:\qt\first\Release\CL.read.1.tlog
D:\qt\first\Release\CL.write.1.tlog
D:\qt\first\Release\custombuild.command.1.tlog
D:\qt\first\Release\custombuild.read.1.tlog
D:\qt\first\Release\custombuild.write.1.tlog
D:\QT\FIRST\RELEASE\DLLLOADER.OBJ
D:\QT\FIRST\RELEASE\FIRST.EXE
D:\QT\FIRST\RELEASE\FIRST.EXE.INTERMEDIATE.MANIFEST
D:\qt\first\Release\first.pgd
D:\qt\first\Release\first.write.1.tlog
D:\QT\FIRST\RELEASE\GLWIDGET.OBJ
D:\QT\FIRST\RELEASE\HALCONCLASS.OBJ
D:\QT\FIRST\RELEASE\INTERFACELLT_2.OBJ
D:\qt\first\Release\link.command.1.tlog
D:\qt\first\Release\link.read.1.tlog
D:\qt\first\Release\link.write.1.tlog
D:\qt\first\Release\link-pgocvt.read.1.tlog
D:\qt\first\Release\link-pgocvt.write.1.tlog
D:\QT\FIRST\RELEASE\MAIN.OBJ
D:\QT\FIRST\RELEASE\MAINWINDOW.OBJ
D:\QT\FIRST\RELEASE\MOC_GLWIDGET.CPP
D:\QT\FIRST\RELEASE\MOC_GLWIDGET.OBJ
D:\QT\FIRST\RELEASE\MOC_HALCONCLASS.CPP
D:\QT\FIRST\RELEASE\MOC_HALCONCLASS.OBJ
D:\QT\FIRST\RELEASE\MOC_MAINWINDOW.CPP
D:\QT\FIRST\RELEASE\MOC_MAINWINDOW.OBJ
D:\QT\FIRST\RELEASE\MOC_MSGHANDLERWAPPER.CPP
D:\QT\FIRST\RELEASE\MOC_MSGHANDLERWAPPER.OBJ
D:\QT\FIRST\RELEASE\MOC_PLOT.CPP
D:\QT\FIRST\RELEASE\MOC_PLOT.OBJ
D:\QT\FIRST\RELEASE\MOC_POINTANALYZE.CPP
D:\QT\FIRST\RELEASE\MOC_POINTANALYZE.OBJ
D:\QT\FIRST\RELEASE\MOC_PROFILEGET.CPP
D:\QT\FIRST\RELEASE\MOC_PROFILEGET.OBJ
D:\QT\FIRST\RELEASE\MOC_RECORD.CPP
D:\QT\FIRST\RELEASE\MOC_RECORD.OBJ
D:\QT\FIRST\RELEASE\MOC_REFLECTCONTROL.CPP
D:\QT\FIRST\RELEASE\MOC_REFLECTCONTROL.OBJ
D:\QT\FIRST\RELEASE\MOC_ROBOT.CPP
D:\QT\FIRST\RELEASE\MOC_ROBOT.OBJ
D:\QT\FIRST\RELEASE\MOC_SETTINGDIALOG.CPP
D:\QT\FIRST\RELEASE\MOC_SETTINGDIALOG.OBJ
D:\QT\FIRST\RELEASE\MOC_SUMMARIZING.CPP
D:\QT\FIRST\RELEASE\MOC_SUMMARIZING.OBJ
D:\QT\FIRST\RELEASE\MOC_TVPLOT.CPP
D:\QT\FIRST\RELEASE\MOC_TVPLOT.OBJ
D:\QT\FIRST\RELEASE\MSGHANDLERWAPPER.OBJ
D:\qt\first\Release\mt.command.1.tlog
D:\qt\first\Release\mt.read.1.tlog
D:\qt\first\Release\mt.write.1.tlog
D:\QT\FIRST\RELEASE\PLOT.OBJ
D:\QT\FIRST\RELEASE\POINTANALYZE.OBJ
D:\QT\FIRST\RELEASE\PROFILEGET.OBJ
D:\QT\FIRST\RELEASE\QRC_ICONS.OBJ
D:\QT\FIRST\RELEASE\RECORD.OBJ
D:\QT\FIRST\RELEASE\REFLECTCONTROL.OBJ
D:\QT\FIRST\RELEASE\ROBOT.OBJ
D:\QT\FIRST\RELEASE\SETTINGDIALOG.OBJ
D:\QT\FIRST\RELEASE\SUMMARIZING.OBJ
D:\QT\FIRST\RELEASE\TVPLOT.OBJ
D:\QT\FIRST\RELEASE\VC100.PDB
