生成启动时间为 2015/3/13 22:55:00。
     1>项目“D:\qt\first\first.vcxproj”在节点 2 上(build 个目标)。
     1>C:\Program Files (x86)\MSBuild\Microsoft.Cpp\v4.0\Microsoft.CppBuild.targets(299,5): warning MSB8004: Output 目录未以斜杠结尾。此生成实例将添加斜杠，因为必须有这个斜杠才能正确计算 Output 目录。
     1>InitializeBuildStatus:
         正在对“Win32\Release\first.unsuccessfulbuild”执行 Touch 任务。
       CustomBuild:
         所有输出均为最新。
       ClCompile:
         所有输出均为最新。
         所有输出均为最新。
       Link:
         C:\Program Files (x86)\Microsoft Visual Studio 10.0\VC\bin\link.exe /ERRORREPORT:PROMPT /OUT:"release.\\first.exe" /INCREMENTAL:NO /NOLOGO /LIBPATH:C:\Qt\Qt5.3.2\5.3\msvc2010_opengl\lib /LIBPATH:C:\Qt\Qt5.3.2\5.3\msvc2010_opengl\lib /LIBPATH:C:\Qt\Qt5.3.2\5.3\msvc2010_opengl\lib /LIBPATH:"C:\Program Files\MVTec\HALCON-10.0\lib\x86sse2-win32" /LIBPATH:"F:\PCL 1.6.0\lib" /LIBPATH:..\pcl C:\Qt\Qt5.3.2\5.3\msvc2010_opengl\lib\qtmain.lib halcon.lib halconcpp.lib qwt.lib pcl_io_release.lib pcl_common_release.lib PCL_Library_Dll.lib C:\Qt\Qt5.3.2\5.3\msvc2010_opengl\lib\Qt5AxContainer.lib C:\Qt\Qt5.3.2\5.3\msvc2010_opengl\lib\Qt5AxBase.lib C:\Qt\Qt5.3.2\5.3\msvc2010_opengl\lib\Qt5Widgets.lib C:\Qt\Qt5.3.2\5.3\msvc2010_opengl\lib\Qt5OpenGL.lib glu32.lib opengl32.lib C:\Qt\Qt5.3.2\5.3\msvc2010_opengl\lib\Qt5Gui.lib C:\Qt\Qt5.3.2\5.3\msvc2010_opengl\lib\Qt5Core.lib ole32.lib oleaut32.lib user32.lib gdi32.lib advapi32.lib C:\Qt\Qt5.3.2\5.3\msvc2010_opengl\lib\Qt5Network.lib kernel32.lib user32.lib gdi32.lib winspool.lib comdlg32.lib advapi32.lib shell32.lib ole32.lib oleaut32.lib uuid.lib odbc32.lib odbccp32.lib /MANIFEST /ManifestFile:"Win32\Release\first.exe.intermediate.manifest" /MANIFESTUAC:"level='asInvoker' uiAccess='false'" /PDB:"D:\qt\first\release\first.pdb" /SUBSYSTEM:WINDOWS /TLBID:1 /DYNAMICBASE /NXCOMPAT /MACHINE:X86 Win32\Release\qrc_icons.obj
         Win32\Release\DllLoader.obj
         Win32\Release\InterfaceLLT_2.obj
         Win32\Release\glwidget.obj
         Win32\Release\halconclass.obj
         Win32\Release\main.obj
         Win32\Release\mainwindow.obj
         Win32\Release\msghandlerwapper.obj
         Win32\Release\plot.obj
         Win32\Release\pointanalyze.obj
         Win32\Release\profileget.obj
         Win32\Release\record.obj
         Win32\Release\reflectcontrol.obj
         Win32\Release\moc_glwidget.obj
         Win32\Release\moc_halconclass.obj
         Win32\Release\moc_mainwindow.obj
         Win32\Release\moc_msghandlerwapper.obj
         Win32\Release\moc_plot.obj
         Win32\Release\moc_pointanalyze.obj
         Win32\Release\moc_profileget.obj
         Win32\Release\moc_record.obj
         Win32\Release\moc_reflectcontrol.obj
         Win32\Release\moc_robot.obj
         Win32\Release\moc_settingDialog.obj
         Win32\Release\moc_summarizing.obj
         Win32\Release\moc_tvplot.obj
         Win32\Release\robot.obj
         Win32\Release\settingDialog.obj
         Win32\Release\summarizing.obj
         Win32\Release\tvplot.obj "/MANIFESTDEPENDENCY:type='win32' name='Microsoft.Windows.Common-Controls' version='6.0.0.0' publicKeyToken='6595b64144ccf1df' language='*' processorArchitecture='*'" 
     1>LINK : fatal error LNK1104: 无法打开文件“release.\\first.exe”
     1>已完成生成项目“D:\qt\first\first.vcxproj”(build 个目标)的操作 - 失败。

生成失败。

已用时间 00:00:00.84
