D:\QT\FIRST\GENERATEDFILES\QRC_ICONS.CPP
D:\QT\FIRST\GENERATEDFILES\RELEASE\UI_DATA_ANALYZE.H
D:\QT\FIRST\GENERATEDFILES\RELEASE\UI_MAINWINDOW.H
D:\QT\FIRST\GENERATEDFILES\RELEASE\UI_POINTANALYZE.H
D:\QT\FIRST\GENERATEDFILES\RELEASE\UI_SETTINGDIALOG.H
D:\QT\FIRST\RELEASE\FIRST.EXE
D:\QT\FIRST\RELEASE\MOC_GLWIDGET.CPP
D:\QT\FIRST\RELEASE\MOC_HALCONCLASS.CPP
D:\QT\FIRST\RELEASE\MOC_MAINWINDOW.CPP
D:\QT\FIRST\RELEASE\MOC_MSGHANDLERWAPPER.CPP
D:\QT\FIRST\RELEASE\MOC_PLOT.CPP
D:\QT\FIRST\RELEASE\MOC_POINTANALYZE.CPP
D:\QT\FIRST\RELEASE\MOC_PROFILEGET.CPP
D:\QT\FIRST\RELEASE\MOC_RECORD.CPP
D:\QT\FIRST\RELEASE\MOC_REFLECTCONTROL.CPP
D:\QT\FIRST\RELEASE\MOC_ROBOT.CPP
D:\QT\FIRST\RELEASE\MOC_SETTINGDIALOG.CPP
D:\QT\FIRST\RELEASE\MOC_SUMMARIZING.CPP
D:\QT\FIRST\RELEASE\MOC_TVPLOT.CPP
D:\qt\first\Win32\Release\cl.command.1.tlog
D:\qt\first\Win32\Release\CL.read.1.tlog
D:\qt\first\Win32\Release\CL.write.1.tlog
D:\qt\first\Win32\Release\custombuild.command.1.tlog
D:\qt\first\Win32\Release\custombuild.read.1.tlog
D:\qt\first\Win32\Release\custombuild.write.1.tlog
D:\QT\FIRST\WIN32\RELEASE\DLLLOADER.OBJ
D:\qt\first\Win32\Release\first.exe.intermediate.manifest
D:\qt\first\Win32\Release\first.write.1.tlog
D:\QT\FIRST\WIN32\RELEASE\GLWIDGET.OBJ
D:\QT\FIRST\WIN32\RELEASE\HALCONCLASS.OBJ
D:\QT\FIRST\WIN32\RELEASE\INTERFACELLT_2.OBJ
D:\qt\first\Win32\Release\link.command.1.tlog
D:\qt\first\Win32\Release\link.read.1.tlog
D:\qt\first\Win32\Release\link.write.1.tlog
D:\qt\first\Win32\Release\link-cvtres.read.1.tlog
D:\qt\first\Win32\Release\link-cvtres.write.1.tlog
D:\QT\FIRST\WIN32\RELEASE\MAIN.OBJ
D:\QT\FIRST\WIN32\RELEASE\MAINWINDOW.OBJ
D:\QT\FIRST\WIN32\RELEASE\MOC_GLWIDGET.OBJ
D:\QT\FIRST\WIN32\RELEASE\MOC_HALCONCLASS.OBJ
D:\QT\FIRST\WIN32\RELEASE\MOC_MAINWINDOW.OBJ
D:\QT\FIRST\WIN32\RELEASE\MOC_MSGHANDLERWAPPER.OBJ
D:\QT\FIRST\WIN32\RELEASE\MOC_PLOT.OBJ
D:\QT\FIRST\WIN32\RELEASE\MOC_POINTANALYZE.OBJ
D:\QT\FIRST\WIN32\RELEASE\MOC_PROFILEGET.OBJ
D:\QT\FIRST\WIN32\RELEASE\MOC_RECORD.OBJ
D:\QT\FIRST\WIN32\RELEASE\MOC_REFLECTCONTROL.OBJ
D:\QT\FIRST\WIN32\RELEASE\MOC_ROBOT.OBJ
D:\QT\FIRST\WIN32\RELEASE\MOC_SETTINGDIALOG.OBJ
D:\QT\FIRST\WIN32\RELEASE\MOC_SUMMARIZING.OBJ
D:\QT\FIRST\WIN32\RELEASE\MOC_TVPLOT.OBJ
D:\QT\FIRST\WIN32\RELEASE\MSGHANDLERWAPPER.OBJ
D:\qt\first\Win32\Release\mt.command.1.tlog
D:\qt\first\Win32\Release\mt.read.1.tlog
D:\qt\first\Win32\Release\mt.write.1.tlog
D:\QT\FIRST\WIN32\RELEASE\PLOT.OBJ
D:\QT\FIRST\WIN32\RELEASE\POINTANALYZE.OBJ
D:\QT\FIRST\WIN32\RELEASE\PROFILEGET.OBJ
D:\QT\FIRST\WIN32\RELEASE\QRC_ICONS.OBJ
D:\qt\first\Win32\Release\rc.command.1.tlog
D:\qt\first\Win32\Release\rc.read.1.tlog
D:\qt\first\Win32\Release\rc.write.1.tlog
D:\QT\FIRST\WIN32\RELEASE\RECORD.OBJ
D:\QT\FIRST\WIN32\RELEASE\REFLECTCONTROL.OBJ
D:\QT\FIRST\WIN32\RELEASE\ROBOT.OBJ
D:\QT\FIRST\WIN32\RELEASE\SETTINGDIALOG.OBJ
D:\QT\FIRST\WIN32\RELEASE\SUMMARIZING.OBJ
D:\QT\FIRST\WIN32\RELEASE\TVPLOT.OBJ
D:\QT\FIRST\WIN32\RELEASE\VC100.PDB
